#
# There is insufficient memory for the Java Runtime Environment to continue.
# Native memory allocation (malloc) failed to allocate 229376 bytes for card table expansion
# Possible reasons:
#   The system is out of physical RAM or swap space
#   In 32 bit mode, the process size limit was hit
# Possible solutions:
#   Reduce memory load on the system
#   Increase physical memory or swap space
#   Check if swap backing store is full
#   Use 64 bit Java on a 64 bit OS
#   Decrease Java heap size (-Xmx/-Xms)
#   Decrease number of Java threads
#   Decrease Java thread stack sizes (-Xss)
#   Set larger code cache with -XX:ReservedCodeCacheSize=
# This output file may be truncated or incomplete.
#
#  Out of Memory Error (cardTableModRefBS.cpp:290), pid=3932, tid=352
#
# JRE version: 6.0_27-b07
# Java VM: Java HotSpot(TM) Client VM (20.2-b06 mixed mode windows-x86 )

---------------  T H R E A D  ---------------

Current thread (0x01b2cc00):  VMThread [stack: 0x011c0000,0x01210000] [id=352]

Stack: [0x011c0000,0x01210000],  sp=0x0120f9a0,  free space=318k
Native frames: (J=compiled Java code, j=interpreted, Vv=VM code, C=native code)
V  [jvm.dll+0x1335ba]
V  [jvm.dll+0x12e5fc]
V  [jvm.dll+0x55470]
V  [jvm.dll+0x59369]
V  [jvm.dll+0x5ff8a]
V  [jvm.dll+0x5799b]
V  [jvm.dll+0x13afd7]
V  [jvm.dll+0x11d8c3]
V  [jvm.dll+0x11cb9e]
V  [jvm.dll+0x11cec0]
V  [jvm.dll+0x11d2c2]
V  [jvm.dll+0x140fec]
C  [msvcr71.dll+0x9565]  endthreadex+0xa0
C  [kernel32.dll+0x4ed6c]  BaseThreadInitThunk+0x12
C  [ntdll.dll+0x637f5]  RtlInitializeExceptionChain+0xef
C  [ntdll.dll+0x637c8]  RtlInitializeExceptionChain+0xc2

VM_Operation (0x4845f2b8): GenCollectForAllocation, mode: safepoint, requested by thread 0x48e0a400


---------------  P R O C E S S  ---------------

Java Threads: ( => current thread )
  0x48e0a400 JavaThread "localhost-startStop-1" daemon [_thread_blocked, id=3404, stack(0x48410000,0x48460000)]
  0x48e08c00 JavaThread "Tomcat-startStop-1" daemon [_thread_blocked, id=5364, stack(0x483c0000,0x48410000)]
  0x01b97000 JavaThread "Low Memory Detector" daemon [_thread_blocked, id=1956, stack(0x48280000,0x482d0000)]
  0x01b8cc00 JavaThread "C1 CompilerThread0" daemon [_thread_blocked, id=5812, stack(0x48220000,0x48270000)]
  0x01b79400 JavaThread "JDWP Command Reader" daemon [_thread_in_native, id=1368, stack(0x481d0000,0x48220000)]
  0x01b78000 JavaThread "JDWP Event Helper Thread" daemon [_thread_blocked, id=6136, stack(0x48180000,0x481d0000)]
  0x01b76400 JavaThread "JDWP Transport Listener: dt_socket" daemon [_thread_blocked, id=5496, stack(0x48120000,0x48170000)]
  0x01b45800 JavaThread "Attach Listener" daemon [_thread_blocked, id=5232, stack(0x47fd0000,0x48020000)]
  0x01b44800 JavaThread "Signal Dispatcher" daemon [_thread_blocked, id=4608, stack(0x47f80000,0x47fd0000)]
  0x01b35800 JavaThread "Finalizer" daemon [_thread_blocked, id=4848, stack(0x47f30000,0x47f80000)]
  0x01b30c00 JavaThread "Reference Handler" daemon [_thread_blocked, id=5216, stack(0x01240000,0x01290000)]
  0x0123f000 JavaThread "main" [_thread_blocked, id=5560, stack(0x00340000,0x00390000)]

Other Threads:
=>0x01b2cc00 VMThread [stack: 0x011c0000,0x01210000] [id=352]
  0x48728c00 WatcherThread [stack: 0x482d0000,0x48320000] [id=5308]

VM state:at safepoint (normal execution)

VM Mutex/Monitor currently owned by a thread:  ([mutex/lock_event])
[0x0123d378] Threads_lock - owner thread: 0x01b2cc00
[0x0123d788] Heap_lock - owner thread: 0x48e0a400

Heap
 def new generation   total 233472K, used 14374K [0x03ba0000, 0x138f0000, 0x190f0000)
  eden space 207552K,   6% used [0x03ba0000, 0x049a98b8, 0x10650000)
  from space 25920K,   0% used [0x10650000, 0x10650000, 0x11fa0000)
  to   space 25920K,   0% used [0x11fa0000, 0x11fa0000, 0x138f0000)
 tenured generation   total 518768K, used 311259K [0x190f0000, 0x38b8c000, 0x43ba0000)
   the space 518768K,  59% used [0x190f0000, 0x2c0e6fe8, 0x2c0e7000, 0x38b8c000)
 compacting perm gen  total 12288K, used 10072K [0x43ba0000, 0x447a0000, 0x47ba0000)
   the space 12288K,  81% used [0x43ba0000, 0x44576228, 0x44576400, 0x447a0000)
No shared spaces configured.

Code Cache  [0x01ba0000, 0x01d90000, 0x03ba0000)
 total_blobs=877 nmethods=739 adapters=82 free_code_cache=31524672 largest_free_block=64

Dynamic libraries:
0x00400000 - 0x00424000 	C:\Program Files\Java\jre6\bin\javaw.exe
0x76dc0000 - 0x76efc000 	C:\Windows\SYSTEM32\ntdll.dll
0x75920000 - 0x759f4000 	C:\Windows\system32\kernel32.dll
0x75150000 - 0x7519a000 	C:\Windows\system32\KERNELBASE.dll
0x75640000 - 0x756e0000 	C:\Windows\system32\ADVAPI32.dll
0x75590000 - 0x7563c000 	C:\Windows\system32\msvcrt.dll
0x76f10000 - 0x76f29000 	C:\Windows\SYSTEM32\sechost.dll
0x75ed0000 - 0x75f71000 	C:\Windows\system32\RPCRT4.dll
0x75730000 - 0x757f9000 	C:\Windows\system32\USER32.dll
0x756e0000 - 0x7572e000 	C:\Windows\system32\GDI32.dll
0x75260000 - 0x7526a000 	C:\Windows\system32\LPK.dll
0x75dd0000 - 0x75e6d000 	C:\Windows\system32\USP10.dll
0x75eb0000 - 0x75ecf000 	C:\Windows\system32\IMM32.DLL
0x75a90000 - 0x75b5c000 	C:\Windows\system32\MSCTF.dll
0x7c340000 - 0x7c396000 	C:\Program Files\Java\jre6\bin\msvcr71.dll
0x6d7f0000 - 0x6da9f000 	C:\Program Files\Java\jre6\bin\client\jvm.dll
0x73390000 - 0x733c2000 	C:\Windows\system32\WINMM.dll
0x74e90000 - 0x74edc000 	C:\Windows\system32\apphelp.dll
0x6d7a0000 - 0x6d7ac000 	C:\Program Files\Java\jre6\bin\verify.dll
0x6d320000 - 0x6d33f000 	C:\Program Files\Java\jre6\bin\java.dll
0x6d370000 - 0x6d399000 	C:\Program Files\Java\jre6\bin\jdwp.dll
0x6d690000 - 0x6d696000 	C:\Program Files\Java\jre6\bin\npt.dll
0x6d7e0000 - 0x6d7ef000 	C:\Program Files\Java\jre6\bin\zip.dll
0x6d200000 - 0x6d207000 	C:\Program Files\Java\jre6\bin\dt_socket.dll
0x75e70000 - 0x75ea5000 	C:\Windows\system32\WS2_32.dll
0x75dc0000 - 0x75dc6000 	C:\Windows\system32\NSI.dll
0x73280000 - 0x73290000 	C:\Windows\system32\NLAapi.dll
0x70750000 - 0x70760000 	C:\Windows\system32\napinsp.dll
0x70730000 - 0x70742000 	C:\Windows\system32\pnrpnsp.dll
0x749d0000 - 0x74a0c000 	C:\Windows\System32\mswsock.dll
0x74890000 - 0x748d4000 	C:\Windows\system32\DNSAPI.dll
0x70630000 - 0x70638000 	C:\Windows\System32\winrnr.dll
0x730f0000 - 0x7310c000 	C:\Windows\system32\IPHLPAPI.DLL
0x730e0000 - 0x730e7000 	C:\Windows\system32\WINNSI.DLL
0x72af0000 - 0x72b28000 	C:\Windows\System32\fwpuclnt.dll
0x70610000 - 0x70616000 	C:\Windows\system32\rasadhlp.dll
0x01290000 - 0x012b6000 	C:\Windows\system32\ikutm.dll
0x744f0000 - 0x744f6000 	C:\Windows\System32\wshqos.dll
0x744e0000 - 0x744e5000 	C:\Windows\system32\wshtcpip.DLL
0x749c0000 - 0x749c6000 	C:\Windows\system32\wship6.dll
0x6d550000 - 0x6d559000 	C:\Program Files\Java\jre6\bin\management.dll
0x6d600000 - 0x6d613000 	C:\Program Files\Java\jre6\bin\net.dll
0x76f00000 - 0x76f05000 	C:\Windows\system32\PSAPI.DLL

VM Arguments:
jvm_args: -agentlib:jdwp=transport=dt_socket,suspend=y,address=localhost:52715 -Xmx1024m -Xms128m -Dfile.encoding=utf-8 
java_command: org.onetwo.common.server.JFishAppServer
Launcher Type: SUN_STANDARD

Environment Variables:
JAVA_HOME=C:\Program Files\Java\jdk1.6.0_27
PATH=C:/Program Files/Java/jre6/bin/client;C:/Program Files/Java/jre6/bin;C:/Program Files/Java/jre6/lib/i386;C:\Program Files\Common Files\NetSarang;D:\Oracle\database\product\11.1.0\db_2\bin;C:\Windows\system32;C:\Windows;C:\Windows\System32\Wbem;C:\Windows\System32\WindowsPowerShell\v1.0\;C:\Program Files\Java\jdk1.6.0_27\bin;E:\mydev\tools\apache-maven-3.0.3\bin;E:\mydev\tools\apache-ant-1.7.0\bin;E:\mydev\scala\scala-2.9.1.final\bin;D:\RailsInstaller\Ruby1.9.2\bin;D:\Program Files\MySQL\MySQL Server 5.1\bin;D:\green_software\Notepad++\unicode;E:\mydev\tools\javacc-5.0\bin;E:\mydev\antlr\bin;E:\mydev\groovy\sdk\groovy-2.0.1\bin;E:\mydev\android\android-sdk-windows\tools;E:\mydev\groovy\grails-2.1.0\bin;E:\mydev\java\performance\tools\btrace-bin\bin;C:\Python27;C:\Python27\Scripts;D:\cygwin\bin;E:\mydev\maven\nexus-1.9.2\nexus-oss-webapp-1.9.2.4\bin\jsw\windows-x86-32;;D:\Program Files\Bitvise Tunnelier;D:\Program Files\TortoiseSVN\bin;E:\mydev\java\performance\tools\btrace-bin\bin;D:\Program Files\TortoiseGit\bin;D:\RailsInstaller\Git\cmd;D:\RailsInstaller\Ruby1.9.2\bin;D:\Program Files\SSH Communications Security\SSH Secure Shell;E:\mydev\eclipse\eclipse-jee-indigo-3.7-for-web;
USERNAME=wayshall
OS=Windows_NT
PROCESSOR_IDENTIFIER=x86 Family 6 Model 23 Stepping 10, GenuineIntel



---------------  S Y S T E M  ---------------

OS: Windows 7 Build 7601 Service Pack 1

CPU:total 2 (2 cores per cpu, 1 threads per core) family 6 model 23 stepping 10, cmov, cx8, fxsr, mmx, sse, sse2, sse3, ssse3, sse4.1

Memory: 4k page, physical 3109136k(464104k free), swap 4597184k(397664k free)

vm_info: Java HotSpot(TM) Client VM (20.2-b06) for windows-x86 JRE (1.6.0_27-b07), built on Jul 19 2011 01:04:42 by "java_re" with MS VC++ 7.1 (VS2003)

time: Wed Sep 19 10:58:26 2012
elapsed time: 9 seconds

